<?xml version="1.0" encoding="UTF-8"?>
<!-- Generated by org.testng.reporters.JUnitXMLReporter -->
<testsuite ignored="6" hostname="HCLLMDU0249" failures="0" tests="7" name="Test" time="159.724" errors="0" timestamp="2024-12-12T19:47:26 IST">
  <testcase classname="Base.DemoBlazeSpecs" name="@AfterMethod DemoBlazeClose" time="0.046">
    <failure type="org.openqa.selenium.UnhandledAlertException" message="unexpected alert open: {Alert text : Please fill out Name and Creditcard.}
  (Session info: chrome=131.0.6778.109): Please fill out Name and Creditcard.
Build info: version: &amp;apos;4.27.0&amp;apos;, revision: &amp;apos;d6e718d134&amp;apos;
System info: os.name: &amp;apos;Windows 10&amp;apos;, os.arch: &amp;apos;amd64&amp;apos;, os.version: &amp;apos;10.0&amp;apos;, java.version: &amp;apos;17.0.12&amp;apos;
Driver info: org.openqa.selenium.chrome.ChromeDriver
Command: [379422084d928c8a16cc3f2dbe99fcbf, close {}]
Capabilities {acceptInsecureCerts: false, browserName: chrome, browserVersion: 131.0.6778.109, chrome: {chromedriverVersion: 131.0.6778.108 (3b014839fbc..., userDataDir: C:\Users\RALAGU~1\AppData\L...}, fedcm:accounts: true, goog:chromeOptions: {debuggerAddress: localhost:60093}, networkConnectionEnabled: false, pageLoadStrategy: normal, platformName: windows, proxy: Proxy(), se:cdp: ws://localhost:60093/devtoo..., se:cdpVersion: 131.0.6778.109, setWindowRect: true, strictFileInteractability: false, timeouts: {implicit: 0, pageLoad: 300000, script: 30000}, unhandledPromptBehavior: dismiss and notify, webauthn:extension:credBlob: true, webauthn:extension:largeBlob: true, webauthn:extension:minPinLength: true, webauthn:extension:prf: true, webauthn:virtualAuthenticators: true}
Session ID: 379422084d928c8a16cc3f2dbe99fcbf">
      <![CDATA[org.openqa.selenium.UnhandledAlertException: unexpected alert open: {Alert text : Please fill out Name and Creditcard.}
  (Session info: chrome=131.0.6778.109): Please fill out Name and Creditcard.
Build info: version: '4.27.0', revision: 'd6e718d134'
System info: os.name: 'Windows 10', os.arch: 'amd64', os.version: '10.0', java.version: '17.0.12'
Driver info: org.openqa.selenium.chrome.ChromeDriver
Command: [379422084d928c8a16cc3f2dbe99fcbf, close {}]
Capabilities {acceptInsecureCerts: false, browserName: chrome, browserVersion: 131.0.6778.109, chrome: {chromedriverVersion: 131.0.6778.108 (3b014839fbc..., userDataDir: C:\Users\RALAGU~1\AppData\L...}, fedcm:accounts: true, goog:chromeOptions: {debuggerAddress: localhost:60093}, networkConnectionEnabled: false, pageLoadStrategy: normal, platformName: windows, proxy: Proxy(), se:cdp: ws://localhost:60093/devtoo..., se:cdpVersion: 131.0.6778.109, setWindowRect: true, strictFileInteractability: false, timeouts: {implicit: 0, pageLoad: 300000, script: 30000}, unhandledPromptBehavior: dismiss and notify, webauthn:extension:credBlob: true, webauthn:extension:largeBlob: true, webauthn:extension:minPinLength: true, webauthn:extension:prf: true, webauthn:virtualAuthenticators: true}
Session ID: 379422084d928c8a16cc3f2dbe99fcbf
at org.openqa.selenium.remote.codec.w3c.W3CHttpResponseCodec.decode(W3CHttpResponseCodec.java:136)
at org.openqa.selenium.remote.codec.w3c.W3CHttpResponseCodec.decode(W3CHttpResponseCodec.java:50)
at org.openqa.selenium.remote.HttpCommandExecutor.execute(HttpCommandExecutor.java:190)
at org.openqa.selenium.remote.service.DriverCommandExecutor.invokeExecute(DriverCommandExecutor.java:216)
at org.openqa.selenium.remote.service.DriverCommandExecutor.execute(DriverCommandExecutor.java:174)
at org.openqa.selenium.remote.RemoteWebDriver.execute(RemoteWebDriver.java:545)
at org.openqa.selenium.remote.RemoteWebDriver.execute(RemoteWebDriver.java:618)
at org.openqa.selenium.remote.RemoteWebDriver.execute(RemoteWebDriver.java:622)
at org.openqa.selenium.remote.RemoteWebDriver.close(RemoteWebDriver.java:418)
at Utilities.UtilitiesDemoBlaze.browserClose(UtilitiesDemoBlaze.java:41)
at Base.DemoBlazeSpecs.DemoBlazeClose(DemoBlazeSpecs.java:18)
at java.base/java.util.ArrayList.forEach(ArrayList.java:1511)
... Removed 32 stack frames]]>
    </failure>
  </testcase> <!-- @AfterMethod DemoBlazeClose -->
  <testcase classname="Tests.TC_003_WelcomeUser_TestCase" name="welcomecheck" time="5.356"/>
  <testcase classname="Tests.TC_004_AddProductToCart_Test" name="addsonylaptocartTestcase" time="9.929"/>
  <testcase classname="Tests.TC_005_InCart_TestCase" name="IncartTC" time="9.459"/>
  <testcase classname="Tests.TC_007_PlaceOrder_TestCase" name="PlaceOrderTestCase" time="13.283"/>
  <testcase classname="Tests.TC_006_DeletingItemFromCart_TestCase" name="deletingitemtestCase" time="23.745"/>
  <testcase classname="Tests.TC_003_HeadingsCheckTest" name="headingchecktestcase" time="6.775"/>
  <testcase classname="Tests.TC_008_LogOut_TestCase" name="LogOutTestCase" time="10.803"/>
  <testcase classname="Base.DemoBlazeSpecs" name="@BeforeSuite fileread" time="0.0">
    <ignored/>
  </testcase> <!-- @BeforeSuite fileread -->
  <testcase classname="Base.DemoBlazeSpecs" name="@BeforeSuite fileread" time="0.0">
    <ignored/>
  </testcase> <!-- @BeforeSuite fileread -->
  <testcase classname="Base.DemoBlazeSpecs" name="@BeforeSuite fileread" time="0.0">
    <ignored/>
  </testcase> <!-- @BeforeSuite fileread -->
  <testcase classname="Base.DemoBlazeSpecs" name="@BeforeSuite fileread" time="0.0">
    <ignored/>
  </testcase> <!-- @BeforeSuite fileread -->
  <testcase classname="Base.DemoBlazeSpecs" name="@BeforeSuite fileread" time="0.0">
    <ignored/>
  </testcase> <!-- @BeforeSuite fileread -->
  <testcase classname="Base.DemoBlazeSpecs" name="@BeforeSuite fileread" time="0.0">
    <ignored/>
  </testcase> <!-- @BeforeSuite fileread -->
</testsuite> <!-- Test -->
